=> Booting Puma
=> Rails 5.0.4 application starting in development on http://localhost:3000
=> Run `rails server -h` for more startup options
Puma starting in single mode...
* Version 3.9.1 (ruby 2.4.0-p0), codename: Private Caller
* Min threads: 5, max threads: 5
* Environment: development
* Listening on tcp://0.0.0.0:3000
Use Ctrl-C to stop
Exiting
=> Booting Puma
=> Rails 5.0.4 application starting in development on http://localhost:3000
=> Run `rails server -h` for more startup options
Puma starting in single mode...
* Version 3.9.1 (ruby 2.4.0-p0), codename: Private Caller
* Min threads: 5, max threads: 5
* Environment: development
* Listening on tcp://0.0.0.0:3000
Use Ctrl-C to stop
Started GET "/" for 127.0.0.1 at 2017-09-11 10:30:41 +0800
  [1m[36mActiveRecord::SchemaMigration Load (0.9ms)[0m  [1m[34mSELECT "schema_migrations".* FROM "schema_migrations"[0m
Started GET "/menus" for 127.0.0.1 at 2017-09-11 10:30:41 +0800
Processing by MenusController#index as HTML
  Rendering menus/index.html.erb within layouts/application
  [1m[36mMenu Load (0.9ms)[0m  [1m[34mSELECT "menus".* FROM "menus" WHERE (menu_id is null)[0m
  [1m[36mMenu Load (0.2ms)[0m  [1m[34mSELECT "menus".* FROM "menus" WHERE (menu_id = 7)[0m
  [1m[36mMenu Load (0.4ms)[0m  [1m[34mSELECT "menus".* FROM "menus" WHERE (menu_id = 27)[0m
  [1m[36mMenu Load (0.2ms)[0m  [1m[34mSELECT "menus".* FROM "menus" WHERE (menu_id = 28)[0m
  [1m[36mMenu Load (0.2ms)[0m  [1m[34mSELECT "menus".* FROM "menus" WHERE (menu_id = 29)[0m
  [1m[36mMenu Load (0.2ms)[0m  [1m[34mSELECT "menus".* FROM "menus" WHERE (menu_id = 30)[0m
  [1m[36mMenu Load (0.2ms)[0m  [1m[34mSELECT "menus".* FROM "menus" WHERE (menu_id = 31)[0m
  [1m[36mMenu Load (0.2ms)[0m  [1m[34mSELECT "menus".* FROM "menus" WHERE (menu_id = 33)[0m
  [1m[36mMenu Load (0.2ms)[0m  [1m[34mSELECT "menus".* FROM "menus" WHERE (menu_id = 35)[0m
  Rendered menus/index.html.erb within layouts/application (19.0ms)
Completed 200 OK in 756ms (Views: 726.2ms | ActiveRecord: 3.2ms)


Started GET "/menus" for 127.0.0.1 at 2017-09-11 10:30:43 +0800
Processing by MenusController#index as HTML
  Rendering menus/index.html.erb within layouts/application
  [1m[36mMenu Load (0.3ms)[0m  [1m[34mSELECT "menus".* FROM "menus" WHERE (menu_id is null)[0m
  [1m[36mMenu Load (0.7ms)[0m  [1m[34mSELECT "menus".* FROM "menus" WHERE (menu_id = 7)[0m
  [1m[36mMenu Load (0.2ms)[0m  [1m[34mSELECT "menus".* FROM "menus" WHERE (menu_id = 27)[0m
  [1m[36mMenu Load (0.3ms)[0m  [1m[34mSELECT "menus".* FROM "menus" WHERE (menu_id = 28)[0m
  [1m[36mMenu Load (0.3ms)[0m  [1m[34mSELECT "menus".* FROM "menus" WHERE (menu_id = 29)[0m
  [1m[36mMenu Load (0.3ms)[0m  [1m[34mSELECT "menus".* FROM "menus" WHERE (menu_id = 30)[0m
  [1m[36mMenu Load (0.2ms)[0m  [1m[34mSELECT "menus".* FROM "menus" WHERE (menu_id = 31)[0m
  [1m[36mMenu Load (0.3ms)[0m  [1m[34mSELECT "menus".* FROM "menus" WHERE (menu_id = 33)[0m
  [1m[36mMenu Load (0.3ms)[0m  [1m[34mSELECT "menus".* FROM "menus" WHERE (menu_id = 35)[0m
  Rendered menus/index.html.erb within layouts/application (21.6ms)
Completed 200 OK in 350ms (Views: 344.4ms | ActiveRecord: 3.0ms)


Started GET "/dns" for 127.0.0.1 at 2017-09-11 10:30:43 +0800
Processing by DnsController#index as HTML
  Rendering dns/index.html.erb within layouts/application
  [1m[36mDn Load (1.3ms)[0m  [1m[34mSELECT "dns".* FROM "dns"[0m
  Rendered dns/index.html.erb within layouts/application (29.2ms)
Started GET "/dns" for 127.0.0.1 at 2017-09-11 10:30:44 +0800
Processing by DnsController#index as HTML
  Rendering dns/index.html.erb within layouts/application
  [1m[36mDn Load (1.6ms)[0m  [1m[34mSELECT "dns".* FROM "dns"[0m
Completed 200 OK in 469ms (Views: 445.9ms | ActiveRecord: 2.5ms)


  Rendered dns/index.html.erb within layouts/application (38.1ms)
Completed 200 OK in 356ms (Views: 352.8ms | ActiveRecord: 1.6ms)


Started GET "/anzhuoceshis" for 127.0.0.1 at 2017-09-11 13:24:32 +0800
Processing by AnzhuoceshisController#index as HTML
  Rendering anzhuoceshis/index.html.erb within layouts/application
  [1m[36mAnzhuoceshi Load (11.4ms)[0m  [1m[34mSELECT "anzhuoceshis".* FROM "anzhuoceshis"[0m
  Rendered anzhuoceshis/index.html.erb within layouts/application (35.1ms)
Completed 200 OK in 404ms (Views: 340.6ms | ActiveRecord: 12.2ms)


Started GET "/pingguoceshis" for 127.0.0.1 at 2017-09-11 13:24:35 +0800
Processing by PingguoceshisController#index as HTML
  Rendering pingguoceshis/index.html.erb within layouts/application
  [1m[36mPingguoceshi Load (0.7ms)[0m  [1m[34mSELECT "pingguoceshis".* FROM "pingguoceshis"[0m
  Rendered pingguoceshis/index.html.erb within layouts/application (6.8ms)
Completed 200 OK in 216ms (Views: 205.7ms | ActiveRecord: 1.3ms)


Started GET "/ceshijilus" for 127.0.0.1 at 2017-09-11 13:24:37 +0800
Processing by CeshijilusController#index as HTML
  Rendering ceshijilus/index.html.erb within layouts/application
  [1m[36mCeshijilu Load (0.6ms)[0m  [1m[34mSELECT "ceshijilus".* FROM "ceshijilus"[0m
  Rendered ceshijilus/index.html.erb within layouts/application (4.5ms)
Completed 200 OK in 225ms (Views: 214.2ms | ActiveRecord: 1.1ms)


Started GET "/webceshis" for 127.0.0.1 at 2017-09-11 13:24:39 +0800
Processing by WebceshisController#index as HTML
  Rendering webceshis/index.html.erb within layouts/application
  [1m[36mWebceshi Load (2.1ms)[0m  [1m[34mSELECT "webceshis".* FROM "webceshis"[0m
  Rendered webceshis/index.html.erb within layouts/application (13.6ms)
Completed 200 OK in 251ms (Views: 240.3ms | ActiveRecord: 2.8ms)


Started GET "/" for 127.0.0.1 at 2017-09-11 14:49:25 +0800
Started GET "/menus" for 127.0.0.1 at 2017-09-11 14:49:25 +0800
Processing by MenusController#index as HTML
  Rendering menus/index.html.erb within layouts/application
  [1m[36mMenu Load (13.5ms)[0m  [1m[34mSELECT "menus".* FROM "menus" WHERE (menu_id is null)[0m
  [1m[36mMenu Load (0.2ms)[0m  [1m[34mSELECT "menus".* FROM "menus" WHERE (menu_id = 7)[0m
  [1m[36mMenu Load (0.4ms)[0m  [1m[34mSELECT "menus".* FROM "menus" WHERE (menu_id = 27)[0m
  [1m[36mMenu Load (0.4ms)[0m  [1m[34mSELECT "menus".* FROM "menus" WHERE (menu_id = 28)[0m
  [1m[36mMenu Load (0.4ms)[0m  [1m[34mSELECT "menus".* FROM "menus" WHERE (menu_id = 29)[0m
  [1m[36mMenu Load (0.3ms)[0m  [1m[34mSELECT "menus".* FROM "menus" WHERE (menu_id = 30)[0m
  [1m[36mMenu Load (0.3ms)[0m  [1m[34mSELECT "menus".* FROM "menus" WHERE (menu_id = 31)[0m
  [1m[36mMenu Load (0.2ms)[0m  [1m[34mSELECT "menus".* FROM "menus" WHERE (menu_id = 33)[0m
  [1m[36mMenu Load (0.3ms)[0m  [1m[34mSELECT "menus".* FROM "menus" WHERE (menu_id = 35)[0m
  Rendered menus/index.html.erb within layouts/application (52.9ms)
Completed 200 OK in 544ms (Views: 510.3ms | ActiveRecord: 16.1ms)


Started GET "/dns" for 127.0.0.1 at 2017-09-11 14:49:29 +0800
Processing by DnsController#index as HTML
  Rendering dns/index.html.erb within layouts/application
  [1m[36mDn Load (1.3ms)[0m  [1m[34mSELECT "dns".* FROM "dns"[0m
  Rendered dns/index.html.erb within layouts/application (5.6ms)
Completed 200 OK in 217ms (Views: 207.5ms | ActiveRecord: 1.3ms)


Started GET "/" for 127.0.0.1 at 2017-09-11 15:15:36 +0800
Started GET "/menus" for 127.0.0.1 at 2017-09-11 15:15:36 +0800
Processing by MenusController#index as HTML
  Rendering menus/index.html.erb within layouts/application
  [1m[36mMenu Load (12.7ms)[0m  [1m[34mSELECT "menus".* FROM "menus" WHERE (menu_id is null)[0m
  [1m[36mMenu Load (0.2ms)[0m  [1m[34mSELECT "menus".* FROM "menus" WHERE (menu_id = 7)[0m
  [1m[36mMenu Load (0.1ms)[0m  [1m[34mSELECT "menus".* FROM "menus" WHERE (menu_id = 27)[0m
  [1m[36mMenu Load (0.3ms)[0m  [1m[34mSELECT "menus".* FROM "menus" WHERE (menu_id = 28)[0m
  [1m[36mMenu Load (0.3ms)[0m  [1m[34mSELECT "menus".* FROM "menus" WHERE (menu_id = 29)[0m
  [1m[36mMenu Load (0.2ms)[0m  [1m[34mSELECT "menus".* FROM "menus" WHERE (menu_id = 30)[0m
  [1m[36mMenu Load (0.1ms)[0m  [1m[34mSELECT "menus".* FROM "menus" WHERE (menu_id = 31)[0m
  [1m[36mMenu Load (0.1ms)[0m  [1m[34mSELECT "menus".* FROM "menus" WHERE (menu_id = 33)[0m
  [1m[36mMenu Load (0.1ms)[0m  [1m[34mSELECT "menus".* FROM "menus" WHERE (menu_id = 35)[0m
  Rendered menus/index.html.erb within layouts/application (49.6ms)
Completed 200 OK in 372ms (Views: 345.0ms | ActiveRecord: 14.0ms)


Started GET "/dns" for 127.0.0.1 at 2017-09-11 15:15:37 +0800
Processing by DnsController#index as HTML
  Rendering dns/index.html.erb within layouts/application
  [1m[36mDn Load (0.7ms)[0m  [1m[34mSELECT "dns".* FROM "dns"[0m
  Rendered dns/index.html.erb within layouts/application (4.5ms)
Completed 200 OK in 191ms (Views: 187.0ms | ActiveRecord: 0.7ms)


Started GET "/" for 127.0.0.1 at 2017-09-11 15:15:38 +0800
Started GET "/menus" for 127.0.0.1 at 2017-09-11 15:15:38 +0800
Processing by MenusController#index as HTML
  Rendering menus/index.html.erb within layouts/application
  [1m[36mMenu Load (0.3ms)[0m  [1m[34mSELECT "menus".* FROM "menus" WHERE (menu_id is null)[0m
  [1m[36mMenu Load (0.1ms)[0m  [1m[34mSELECT "menus".* FROM "menus" WHERE (menu_id = 7)[0m
  [1m[36mMenu Load (0.1ms)[0m  [1m[34mSELECT "menus".* FROM "menus" WHERE (menu_id = 27)[0m
  [1m[36mMenu Load (0.1ms)[0m  [1m[34mSELECT "menus".* FROM "menus" WHERE (menu_id = 28)[0m
  [1m[36mMenu Load (0.1ms)[0m  [1m[34mSELECT "menus".* FROM "menus" WHERE (menu_id = 29)[0m
  [1m[36mMenu Load (0.1ms)[0m  [1m[34mSELECT "menus".* FROM "menus" WHERE (menu_id = 30)[0m
  [1m[36mMenu Load (0.1ms)[0m  [1m[34mSELECT "menus".* FROM "menus" WHERE (menu_id = 31)[0m
  [1m[36mMenu Load (0.1ms)[0m  [1m[34mSELECT "menus".* FROM "menus" WHERE (menu_id = 33)[0m
  [1m[36mMenu Load (0.1ms)[0m  [1m[34mSELECT "menus".* FROM "menus" WHERE (menu_id = 35)[0m
  Rendered menus/index.html.erb within layouts/application (6.4ms)
Completed 200 OK in 194ms (Views: 190.2ms | ActiveRecord: 1.2ms)


Started GET "/lvmaotongs" for 127.0.0.1 at 2017-09-11 15:15:40 +0800
Processing by LvmaotongsController#index as HTML
  Rendering lvmaotongs/index.html.erb within layouts/application
  [1m[36mLvmaotong Load (0.8ms)[0m  [1m[34mSELECT "lvmaotongs".* FROM "lvmaotongs"[0m
  Rendered lvmaotongs/index.html.erb within layouts/application (4.1ms)
Completed 200 OK in 200ms (Views: 177.6ms | ActiveRecord: 1.1ms)


Started GET "/lvmaotongs" for 127.0.0.1 at 2017-09-11 15:19:41 +0800
  [1m[36mActiveRecord::SchemaMigration Load (2.2ms)[0m  [1m[34mSELECT "schema_migrations".* FROM "schema_migrations"[0m
Started GET "/" for 127.0.0.1 at 2017-09-11 15:19:42 +0800
Processing by LvmaotongsController#index as HTML
  Rendering lvmaotongs/index.html.erb within layouts/application
  [1m[36mLvmaotong Load (0.1ms)[0m  [1m[34mSELECT "lvmaotongs".* FROM "lvmaotongs"[0m
  Rendered lvmaotongs/index.html.erb within layouts/application (5.6ms)
Completed 200 OK in 427ms (Views: 412.7ms | ActiveRecord: 0.4ms)


Started GET "/kaiguans" for 127.0.0.1 at 2017-09-11 15:19:44 +0800
Processing by KaiguansController#index as HTML
  Rendering kaiguans/index.html.erb within layouts/application
  [1m[36mKaiguan Load (1.1ms)[0m  [1m[34mSELECT "kaiguans".* FROM "kaiguans"[0m
  Rendered kaiguans/index.html.erb within layouts/application (5.4ms)
Completed 200 OK in 283ms (Views: 267.2ms | ActiveRecord: 1.4ms)


Started GET "/kaiguans/new" for 127.0.0.1 at 2017-09-11 15:19:46 +0800
Processing by KaiguansController#new as HTML
  Rendering kaiguans/new.html.erb within layouts/application
  Rendered kaiguans/_form.html.erb (95.2ms)
  Rendered kaiguans/new.html.erb within layouts/application (98.3ms)
Completed 200 OK in 272ms (Views: 265.1ms | ActiveRecord: 0.5ms)


Started POST "/kaiguans" for 127.0.0.1 at 2017-09-11 15:20:09 +0800
Processing by KaiguansController#create as HTML
  Parameters: {"utf8"=>"✓", "authenticity_token"=>"9hMGvEuuRshI9HFICPRjWh0rPEJbpebjcegwwXx5QEhh5tIJsmh5XHgMG3pekt0NRHnuH3RawSbpXZbBxLiJsg==", "kaiguan"=>{"xingming"=>"lvmaotong", "kaiqi"=>"1"}, "commit"=>"Create Kaiguan"}
  [1m[35m (0.2ms)[0m  [1m[36mbegin transaction[0m
  [1m[35mSQL (2.0ms)[0m  [1m[32mINSERT INTO "kaiguans" ("xingming", "kaiqi", "created_at", "updated_at") VALUES (?, ?, ?, ?)[0m  [["xingming", "lvmaotong"], ["kaiqi", "t"], ["created_at", "2017-09-11 07:20:09.457012"], ["updated_at", "2017-09-11 07:20:09.457012"]]
  [1m[35m (1.0ms)[0m  [1m[36mcommit transaction[0m
Redirected to http://127.0.0.1:3000/kaiguans/1
Completed 302 Found in 8ms (ActiveRecord: 3.2ms)


Started GET "/kaiguans/1" for 127.0.0.1 at 2017-09-11 15:20:09 +0800
Processing by KaiguansController#show as HTML
  Parameters: {"id"=>"1"}
  [1m[36mKaiguan Load (0.2ms)[0m  [1m[34mSELECT  "kaiguans".* FROM "kaiguans" WHERE "kaiguans"."id" = ? LIMIT ?[0m  [["id", 1], ["LIMIT", 1]]
  Rendering kaiguans/show.html.erb within layouts/application
  Rendered kaiguans/show.html.erb within layouts/application (0.8ms)
Completed 200 OK in 218ms (Views: 211.5ms | ActiveRecord: 0.2ms)


Started GET "/kaiguans" for 127.0.0.1 at 2017-09-11 16:06:35 +0800
Processing by KaiguansController#index as HTML
  Rendering kaiguans/index.html.erb within layouts/application
  [1m[36mKaiguan Load (4.2ms)[0m  [1m[34mSELECT "kaiguans".* FROM "kaiguans"[0m
  Rendered kaiguans/index.html.erb within layouts/application (25.9ms)
Completed 200 OK in 542ms (Views: 525.2ms | ActiveRecord: 4.2ms)


Started GET "/kaiguans/1" for 127.0.0.1 at 2017-09-11 16:06:38 +0800
Processing by KaiguansController#show as HTML
  Parameters: {"id"=>"1"}
  [1m[36mKaiguan Load (0.1ms)[0m  [1m[34mSELECT  "kaiguans".* FROM "kaiguans" WHERE "kaiguans"."id" = ? LIMIT ?[0m  [["id", 1], ["LIMIT", 1]]
  Rendering kaiguans/show.html.erb within layouts/application
  Rendered kaiguans/show.html.erb within layouts/application (1.3ms)
Completed 200 OK in 195ms (Views: 192.1ms | ActiveRecord: 0.1ms)


Started GET "/kaiguans" for 127.0.0.1 at 2017-09-11 16:06:40 +0800
Processing by KaiguansController#index as HTML
  Rendering kaiguans/index.html.erb within layouts/application
  [1m[36mKaiguan Load (0.2ms)[0m  [1m[34mSELECT "kaiguans".* FROM "kaiguans"[0m
  Rendered kaiguans/index.html.erb within layouts/application (1.7ms)
Completed 200 OK in 197ms (Views: 193.8ms | ActiveRecord: 0.2ms)


Started GET "/kaiguans/1" for 127.0.0.1 at 2017-09-11 16:06:45 +0800
Processing by KaiguansController#show as HTML
  Parameters: {"id"=>"1"}
  [1m[36mKaiguan Load (0.1ms)[0m  [1m[34mSELECT  "kaiguans".* FROM "kaiguans" WHERE "kaiguans"."id" = ? LIMIT ?[0m  [["id", 1], ["LIMIT", 1]]
  Rendering kaiguans/show.html.erb within layouts/application
  Rendered kaiguans/show.html.erb within layouts/application (0.9ms)
Completed 200 OK in 179ms (Views: 177.0ms | ActiveRecord: 0.1ms)


Started GET "/kaiguans" for 127.0.0.1 at 2017-09-11 16:06:46 +0800
Processing by KaiguansController#index as HTML
Started GET "/kaiguans/new" for 127.0.0.1 at 2017-09-11 16:06:46 +0800
Processing by KaiguansController#new as HTML
  Rendering kaiguans/index.html.erb within layouts/application
  [1m[36mKaiguan Load (0.1ms)[0m  [1m[34mSELECT "kaiguans".* FROM "kaiguans"[0m
  Rendered kaiguans/index.html.erb within layouts/application (2.8ms)
  Rendering kaiguans/new.html.erb within layouts/application
  Rendered kaiguans/_form.html.erb (8.0ms)
  Rendered kaiguans/new.html.erb within layouts/application (12.1ms)
Completed 200 OK in 424ms (Views: 422.7ms | ActiveRecord: 0.1ms)


Completed 200 OK in 462ms (Views: 458.2ms | ActiveRecord: 0.0ms)


Started GET "/kaiguans/1" for 127.0.0.1 at 2017-09-11 16:06:47 +0800
Processing by KaiguansController#show as HTML
  Parameters: {"id"=>"1"}
  [1m[36mKaiguan Load (0.1ms)[0m  [1m[34mSELECT  "kaiguans".* FROM "kaiguans" WHERE "kaiguans"."id" = ? LIMIT ?[0m  [["id", 1], ["LIMIT", 1]]
  Rendering kaiguans/show.html.erb within layouts/application
  Rendered kaiguans/show.html.erb within layouts/application (0.7ms)
Completed 200 OK in 198ms (Views: 195.8ms | ActiveRecord: 0.1ms)


Started GET "/kaiguans/1/" for 127.0.0.1 at 2017-09-11 16:06:50 +0800
Processing by KaiguansController#show as HTML
  Parameters: {"id"=>"1"}
  [1m[36mKaiguan Load (2.5ms)[0m  [1m[34mSELECT  "kaiguans".* FROM "kaiguans" WHERE "kaiguans"."id" = ? LIMIT ?[0m  [["id", 1], ["LIMIT", 1]]
  Rendering kaiguans/show.html.erb within layouts/application
  Rendered kaiguans/show.html.erb within layouts/application (0.8ms)
Completed 200 OK in 200ms (Views: 194.9ms | ActiveRecord: 2.5ms)


Started GET "/kaiguans/1/" for 127.0.0.1 at 2017-09-11 16:06:56 +0800
Processing by KaiguansController#show as HTML
  Parameters: {"id"=>"1"}
  [1m[36mKaiguan Load (0.1ms)[0m  [1m[34mSELECT  "kaiguans".* FROM "kaiguans" WHERE "kaiguans"."id" = ? LIMIT ?[0m  [["id", 1], ["LIMIT", 1]]
  Rendering kaiguans/show.html.erb within layouts/application
  Rendered kaiguans/show.html.erb within layouts/application (1.2ms)
Completed 200 OK in 168ms (Views: 165.7ms | ActiveRecord: 0.1ms)


Started GET "/kaiguans/1/json" for 127.0.0.1 at 2017-09-11 16:06:59 +0800
  
ActionController::RoutingError (No route matches [GET] "/kaiguans/1/json"):
  
actionpack (5.0.4) lib/action_dispatch/middleware/debug_exceptions.rb:53:in `call'
web-console (3.5.1) lib/web_console/middleware.rb:135:in `call_app'
web-console (3.5.1) lib/web_console/middleware.rb:28:in `block in call'
web-console (3.5.1) lib/web_console/middleware.rb:18:in `catch'
web-console (3.5.1) lib/web_console/middleware.rb:18:in `call'
actionpack (5.0.4) lib/action_dispatch/middleware/show_exceptions.rb:31:in `call'
railties (5.0.4) lib/rails/rack/logger.rb:36:in `call_app'
railties (5.0.4) lib/rails/rack/logger.rb:24:in `block in call'
activesupport (5.0.4) lib/active_support/tagged_logging.rb:69:in `block in tagged'
activesupport (5.0.4) lib/active_support/tagged_logging.rb:26:in `tagged'
activesupport (5.0.4) lib/active_support/tagged_logging.rb:69:in `tagged'
railties (5.0.4) lib/rails/rack/logger.rb:24:in `call'
sprockets-rails (3.2.0) lib/sprockets/rails/quiet_assets.rb:13:in `call'
actionpack (5.0.4) lib/action_dispatch/middleware/request_id.rb:24:in `call'
rack (2.0.3) lib/rack/method_override.rb:22:in `call'
rack (2.0.3) lib/rack/runtime.rb:22:in `call'
activesupport (5.0.4) lib/active_support/cache/strategy/local_cache_middleware.rb:28:in `call'
actionpack (5.0.4) lib/action_dispatch/middleware/executor.rb:12:in `call'
actionpack (5.0.4) lib/action_dispatch/middleware/static.rb:136:in `call'
rack (2.0.3) lib/rack/sendfile.rb:111:in `call'
railties (5.0.4) lib/rails/engine.rb:522:in `call'
puma (3.9.1) lib/puma/configuration.rb:224:in `call'
puma (3.9.1) lib/puma/server.rb:602:in `handle_request'
puma (3.9.1) lib/puma/server.rb:435:in `process_client'
puma (3.9.1) lib/puma/server.rb:299:in `block in run'
puma (3.9.1) lib/puma/thread_pool.rb:120:in `block in spawn_thread'
  Rendering /Users/jim/.rvm/gems/ruby-2.4.0/gems/actionpack-5.0.4/lib/action_dispatch/middleware/templates/rescues/routing_error.html.erb within rescues/layout
  Rendering /Users/jim/.rvm/gems/ruby-2.4.0/gems/actionpack-5.0.4/lib/action_dispatch/middleware/templates/rescues/_trace.html.erb
  Rendered /Users/jim/.rvm/gems/ruby-2.4.0/gems/actionpack-5.0.4/lib/action_dispatch/middleware/templates/rescues/_trace.html.erb (1.6ms)
  Rendered collection of /Users/jim/.rvm/gems/ruby-2.4.0/gems/actionpack-5.0.4/lib/action_dispatch/middleware/templates/routes/_route.html.erb [348 times] (164.0ms)
  Rendered /Users/jim/.rvm/gems/ruby-2.4.0/gems/actionpack-5.0.4/lib/action_dispatch/middleware/templates/routes/_table.html.erb (12.7ms)
  Rendering /Users/jim/.rvm/gems/ruby-2.4.0/gems/actionpack-5.0.4/lib/action_dispatch/middleware/templates/rescues/_request_and_response.html.erb
  Rendered /Users/jim/.rvm/gems/ruby-2.4.0/gems/actionpack-5.0.4/lib/action_dispatch/middleware/templates/rescues/_request_and_response.html.erb (1.9ms)
  Rendered /Users/jim/.rvm/gems/ruby-2.4.0/gems/actionpack-5.0.4/lib/action_dispatch/middleware/templates/rescues/routing_error.html.erb within rescues/layout (318.3ms)
Started GET "/kaiguans/1/" for 127.0.0.1 at 2017-09-11 16:07:03 +0800
Processing by KaiguansController#show as HTML
  Parameters: {"id"=>"1"}
  [1m[36mKaiguan Load (0.1ms)[0m  [1m[34mSELECT  "kaiguans".* FROM "kaiguans" WHERE "kaiguans"."id" = ? LIMIT ?[0m  [["id", 1], ["LIMIT", 1]]
  Rendering kaiguans/show.html.erb within layouts/application
  Rendered kaiguans/show.html.erb within layouts/application (1.6ms)
Completed 200 OK in 234ms (Views: 230.4ms | ActiveRecord: 0.1ms)


Started GET "/kaiguans/1/" for 127.0.0.1 at 2017-09-11 16:07:36 +0800
Processing by KaiguansController#show as HTML
  Parameters: {"id"=>"1"}
  [1m[36mKaiguan Load (1.0ms)[0m  [1m[34mSELECT  "kaiguans".* FROM "kaiguans" WHERE "kaiguans"."id" = ? LIMIT ?[0m  [["id", 1], ["LIMIT", 1]]
  Rendering kaiguans/show.html.erb within layouts/application
  Rendered kaiguans/show.html.erb within layouts/application (8.5ms)
Completed 200 OK in 460ms (Views: 442.3ms | ActiveRecord: 1.0ms)


Started GET "/kaiguans/1.json" for 127.0.0.1 at 2017-09-11 16:07:38 +0800
Processing by KaiguansController#show as JSON
  Parameters: {"id"=>"1"}
  [1m[36mKaiguan Load (0.3ms)[0m  [1m[34mSELECT  "kaiguans".* FROM "kaiguans" WHERE "kaiguans"."id" = ? LIMIT ?[0m  [["id", 1], ["LIMIT", 1]]
  Rendering kaiguans/show.json.jbuilder
  Rendered kaiguans/_kaiguan.json.jbuilder (1.1ms)
  Rendered kaiguans/show.json.jbuilder (12.9ms)
Completed 200 OK in 22ms (Views: 18.8ms | ActiveRecord: 0.3ms)


Started GET "/kaiguans/1/" for 127.0.0.1 at 2017-09-11 18:33:20 +0800
  [1m[36mActiveRecord::SchemaMigration Load (0.8ms)[0m  [1m[34mSELECT "schema_migrations".* FROM "schema_migrations"[0m
Processing by KaiguansController#show as HTML
  Parameters: {"id"=>"1"}
  [1m[36mKaiguan Load (0.2ms)[0m  [1m[34mSELECT  "kaiguans".* FROM "kaiguans" WHERE "kaiguans"."id" = ? LIMIT ?[0m  [["id", 1], ["LIMIT", 1]]
  Rendering kaiguans/show.html.erb within layouts/application
  Rendered kaiguans/show.html.erb within layouts/application (2.5ms)
Completed 200 OK in 446ms (Views: 425.5ms | ActiveRecord: 0.9ms)


Started GET "/kaiguans/1/" for 127.0.0.1 at 2017-09-11 18:33:21 +0800
Processing by KaiguansController#show as HTML
  Parameters: {"id"=>"1"}
  [1m[36mKaiguan Load (4.7ms)[0m  [1m[34mSELECT  "kaiguans".* FROM "kaiguans" WHERE "kaiguans"."id" = ? LIMIT ?[0m  [["id", 1], ["LIMIT", 1]]
  Rendering kaiguans/show.html.erb within layouts/application
  Rendered kaiguans/show.html.erb within layouts/application (2.0ms)
Completed 200 OK in 186ms (Views: 175.2ms | ActiveRecord: 4.7ms)


Started GET "/kaiguans/1" for 127.0.0.1 at 2017-09-11 18:33:33 +0800
Processing by KaiguansController#show as HTML
  Parameters: {"id"=>"1"}
  [1m[36mKaiguan Load (1.9ms)[0m  [1m[34mSELECT  "kaiguans".* FROM "kaiguans" WHERE "kaiguans"."id" = ? LIMIT ?[0m  [["id", 1], ["LIMIT", 1]]
  Rendering kaiguans/show.html.erb within layouts/application
  Rendered kaiguans/show.html.erb within layouts/application (1.3ms)
Completed 200 OK in 259ms (Views: 253.3ms | ActiveRecord: 1.9ms)


Started GET "/kaiguans/1" for 127.0.0.1 at 2017-09-11 18:33:34 +0800
Processing by KaiguansController#show as HTML
  Parameters: {"id"=>"1"}
  [1m[36mKaiguan Load (0.5ms)[0m  [1m[34mSELECT  "kaiguans".* FROM "kaiguans" WHERE "kaiguans"."id" = ? LIMIT ?[0m  [["id", 1], ["LIMIT", 1]]
  Rendering kaiguans/show.html.erb within layouts/application
  Rendered kaiguans/show.html.erb within layouts/application (0.9ms)
Completed 200 OK in 238ms (Views: 235.5ms | ActiveRecord: 0.5ms)


Started GET "/kaiguans" for 127.0.0.1 at 2017-09-11 18:33:37 +0800
Processing by KaiguansController#index as HTML
  Rendering kaiguans/index.html.erb within layouts/application
  [1m[36mKaiguan Load (0.6ms)[0m  [1m[34mSELECT "kaiguans".* FROM "kaiguans"[0m
  Rendered kaiguans/index.html.erb within layouts/application (3.0ms)
Completed 200 OK in 259ms (Views: 256.4ms | ActiveRecord: 0.6ms)


Started GET "/kaiguans/new" for 127.0.0.1 at 2017-09-11 18:33:39 +0800
Processing by KaiguansController#new as HTML
  Rendering kaiguans/new.html.erb within layouts/application
  Rendered kaiguans/_form.html.erb (8.2ms)
  Rendered kaiguans/new.html.erb within layouts/application (10.5ms)
Completed 200 OK in 240ms (Views: 237.2ms | ActiveRecord: 0.0ms)


Started GET "/kaiguans/new" for 127.0.0.1 at 2017-09-11 18:33:39 +0800
Processing by KaiguansController#new as HTML
Started GET "/kaiguans/new" for 127.0.0.1 at 2017-09-11 18:33:39 +0800
Processing by KaiguansController#new as HTML
  Rendering kaiguans/new.html.erb within layouts/application
  Rendered kaiguans/_form.html.erb (4.8ms)
  Rendering kaiguans/new.html.erb within layouts/application
  Rendered kaiguans/new.html.erb within layouts/application (8.3ms)
  Rendered kaiguans/_form.html.erb (4.8ms)
  Rendered kaiguans/new.html.erb within layouts/application (7.9ms)
Completed 200 OK in 280ms (Views: 276.6ms | ActiveRecord: 0.0ms)


Completed 200 OK in 337ms (Views: 332.5ms | ActiveRecord: 0.0ms)


Started GET "/kaiguans" for 127.0.0.1 at 2017-09-11 18:33:40 +0800
Processing by KaiguansController#index as HTML
  Rendering kaiguans/index.html.erb within layouts/application
  [1m[36mKaiguan Load (0.1ms)[0m  [1m[34mSELECT "kaiguans".* FROM "kaiguans"[0m
  Rendered kaiguans/index.html.erb within layouts/application (2.3ms)
Completed 200 OK in 176ms (Views: 174.3ms | ActiveRecord: 0.1ms)


Started GET "/lvmaotongs" for 127.0.0.1 at 2017-09-11 18:33:42 +0800
Processing by LvmaotongsController#index as HTML
  Rendering lvmaotongs/index.html.erb within layouts/application
  [1m[36mLvmaotong Load (1.4ms)[0m  [1m[34mSELECT "lvmaotongs".* FROM "lvmaotongs"[0m
  Rendered lvmaotongs/index.html.erb within layouts/application (5.1ms)
Completed 200 OK in 217ms (Views: 196.3ms | ActiveRecord: 1.7ms)


Started GET "/lvmaotongs" for 127.0.0.1 at 2017-09-11 18:33:42 +0800
Processing by LvmaotongsController#index as HTML
  Rendering lvmaotongs/index.html.erb within layouts/application
  [1m[36mLvmaotong Load (0.2ms)[0m  [1m[34mSELECT "lvmaotongs".* FROM "lvmaotongs"[0m
  Rendered lvmaotongs/index.html.erb within layouts/application (1.8ms)
Completed 200 OK in 159ms (Views: 157.6ms | ActiveRecord: 0.2ms)


Started GET "/dns" for 127.0.0.1 at 2017-09-11 18:33:43 +0800
Processing by DnsController#index as HTML
  Rendering dns/index.html.erb within layouts/application
  [1m[36mDn Load (0.2ms)[0m  [1m[34mSELECT "dns".* FROM "dns"[0m
  Rendered dns/index.html.erb within layouts/application (10.5ms)
Completed 200 OK in 184ms (Views: 177.2ms | ActiveRecord: 1.1ms)


Started GET "/menus" for 127.0.0.1 at 2017-09-11 18:33:43 +0800
Processing by MenusController#index as HTML
  Rendering menus/index.html.erb within layouts/application
  [1m[36mMenu Load (2.2ms)[0m  [1m[34mSELECT "menus".* FROM "menus" WHERE (menu_id is null)[0m
  [1m[36mMenu Load (0.2ms)[0m  [1m[34mSELECT "menus".* FROM "menus" WHERE (menu_id = 7)[0m
  [1m[36mMenu Load (0.1ms)[0m  [1m[34mSELECT "menus".* FROM "menus" WHERE (menu_id = 27)[0m
  [1m[36mMenu Load (0.2ms)[0m  [1m[34mSELECT "menus".* FROM "menus" WHERE (menu_id = 28)[0m
  [1m[36mMenu Load (0.1ms)[0m  [1m[34mSELECT "menus".* FROM "menus" WHERE (menu_id = 29)[0m
  [1m[36mMenu Load (0.2ms)[0m  [1m[34mSELECT "menus".* FROM "menus" WHERE (menu_id = 30)[0m
  [1m[36mMenu Load (0.9ms)[0m  [1m[34mSELECT "menus".* FROM "menus" WHERE (menu_id = 31)[0m
  [1m[36mMenu Load (0.2ms)[0m  [1m[34mSELECT "menus".* FROM "menus" WHERE (menu_id = 33)[0m
Started GET "/dns" for 127.0.0.1 at 2017-09-11 18:33:43 +0800
  [1m[36mMenu Load (0.3ms)[0m  [1m[34mSELECT "menus".* FROM "menus" WHERE (menu_id = 35)[0m
Processing by DnsController#index as HTML
  Rendered menus/index.html.erb within layouts/application (29.9ms)
  Rendering dns/index.html.erb within layouts/application
  [1m[36mDn Load (0.2ms)[0m  [1m[34mSELECT "dns".* FROM "dns"[0m
  Rendered dns/index.html.erb within layouts/application (3.3ms)
Completed 200 OK in 259ms (Views: 255.2ms | ActiveRecord: 0.2ms)


Completed 200 OK in 475ms (Views: 458.7ms | ActiveRecord: 5.5ms)


Started GET "/menus" for 127.0.0.1 at 2017-09-11 18:33:44 +0800
Processing by MenusController#index as HTML
  Rendering menus/index.html.erb within layouts/application
  [1m[36mMenu Load (0.2ms)[0m  [1m[34mSELECT "menus".* FROM "menus" WHERE (menu_id is null)[0m
  [1m[36mMenu Load (0.1ms)[0m  [1m[34mSELECT "menus".* FROM "menus" WHERE (menu_id = 7)[0m
  [1m[36mMenu Load (0.1ms)[0m  [1m[34mSELECT "menus".* FROM "menus" WHERE (menu_id = 27)[0m
  [1m[36mMenu Load (0.1ms)[0m  [1m[34mSELECT "menus".* FROM "menus" WHERE (menu_id = 28)[0m
  [1m[36mMenu Load (0.1ms)[0m  [1m[34mSELECT "menus".* FROM "menus" WHERE (menu_id = 29)[0m
  [1m[36mMenu Load (0.3ms)[0m  [1m[34mSELECT "menus".* FROM "menus" WHERE (menu_id = 30)[0m
  [1m[36mMenu Load (0.2ms)[0m  [1m[34mSELECT "menus".* FROM "menus" WHERE (menu_id = 31)[0m
  [1m[36mMenu Load (0.2ms)[0m  [1m[34mSELECT "menus".* FROM "menus" WHERE (menu_id = 33)[0m
  [1m[36mMenu Load (0.2ms)[0m  [1m[34mSELECT "menus".* FROM "menus" WHERE (menu_id = 35)[0m
  Rendered menus/index.html.erb within layouts/application (7.6ms)
Completed 200 OK in 190ms (Views: 185.6ms | ActiveRecord: 1.4ms)


Started GET "/dns" for 127.0.0.1 at 2017-09-11 18:33:45 +0800
Processing by DnsController#index as HTML
  Rendering dns/index.html.erb within layouts/application
  [1m[36mDn Load (0.2ms)[0m  [1m[34mSELECT "dns".* FROM "dns"[0m
  Rendered dns/index.html.erb within layouts/application (2.2ms)
Completed 200 OK in 197ms (Views: 194.8ms | ActiveRecord: 0.2ms)


Started GET "/diannaos" for 127.0.0.1 at 2017-09-11 18:33:49 +0800
Processing by DiannaosController#index as HTML
  Rendering diannaos/index.html.erb within layouts/application
  [1m[36mDiannao Load (0.6ms)[0m  [1m[34mSELECT "diannaos".* FROM "diannaos"[0m
  Rendered diannaos/index.html.erb within layouts/application (12.5ms)
Completed 200 OK in 292ms (Views: 248.6ms | ActiveRecord: 1.2ms)


Started GET "/" for 127.0.0.1 at 2017-09-13 09:50:51 +0800
Started GET "/menus" for 127.0.0.1 at 2017-09-13 09:50:51 +0800
Processing by MenusController#index as HTML
  Rendering menus/index.html.erb within layouts/application
  [1m[36mMenu Load (10.6ms)[0m  [1m[34mSELECT "menus".* FROM "menus" WHERE (menu_id is null)[0m
  [1m[36mMenu Load (1.4ms)[0m  [1m[34mSELECT "menus".* FROM "menus" WHERE (menu_id = 7)[0m
  [1m[36mMenu Load (2.6ms)[0m  [1m[34mSELECT "menus".* FROM "menus" WHERE (menu_id = 27)[0m
  [1m[36mMenu Load (52.2ms)[0m  [1m[34mSELECT "menus".* FROM "menus" WHERE (menu_id = 28)[0m
  [1m[36mMenu Load (6.4ms)[0m  [1m[34mSELECT "menus".* FROM "menus" WHERE (menu_id = 29)[0m
  [1m[36mMenu Load (0.3ms)[0m  [1m[34mSELECT "menus".* FROM "menus" WHERE (menu_id = 30)[0m
  [1m[36mMenu Load (6.5ms)[0m  [1m[34mSELECT "menus".* FROM "menus" WHERE (menu_id = 31)[0m
  [1m[36mMenu Load (2.7ms)[0m  [1m[34mSELECT "menus".* FROM "menus" WHERE (menu_id = 33)[0m
  [1m[36mMenu Load (4.5ms)[0m  [1m[34mSELECT "menus".* FROM "menus" WHERE (menu_id = 35)[0m
  Rendered menus/index.html.erb within layouts/application (385.7ms)
Completed 200 OK in 2213ms (Views: 2043.9ms | ActiveRecord: 87.2ms)


Started GET "/dns" for 127.0.0.1 at 2017-09-13 09:50:57 +0800
Processing by DnsController#index as HTML
  Rendering dns/index.html.erb within layouts/application
  [1m[36mDn Load (5.4ms)[0m  [1m[34mSELECT "dns".* FROM "dns"[0m
  Rendered dns/index.html.erb within layouts/application (33.3ms)
Completed 200 OK in 668ms (Views: 647.1ms | ActiveRecord: 5.4ms)


Started GET "/" for 127.0.0.1 at 2017-09-13 09:51:15 +0800
Started GET "/menus" for 127.0.0.1 at 2017-09-13 09:51:15 +0800
Processing by MenusController#index as HTML
  Rendering menus/index.html.erb within layouts/application
  [1m[36mMenu Load (2.6ms)[0m  [1m[34mSELECT "menus".* FROM "menus" WHERE (menu_id is null)[0m
  [1m[36mMenu Load (0.3ms)[0m  [1m[34mSELECT "menus".* FROM "menus" WHERE (menu_id = 7)[0m
  [1m[36mMenu Load (0.3ms)[0m  [1m[34mSELECT "menus".* FROM "menus" WHERE (menu_id = 27)[0m
  [1m[36mMenu Load (0.2ms)[0m  [1m[34mSELECT "menus".* FROM "menus" WHERE (menu_id = 28)[0m
  [1m[36mMenu Load (0.2ms)[0m  [1m[34mSELECT "menus".* FROM "menus" WHERE (menu_id = 29)[0m
  [1m[36mMenu Load (0.2ms)[0m  [1m[34mSELECT "menus".* FROM "menus" WHERE (menu_id = 30)[0m
  [1m[36mMenu Load (0.2ms)[0m  [1m[34mSELECT "menus".* FROM "menus" WHERE (menu_id = 31)[0m
  [1m[36mMenu Load (0.8ms)[0m  [1m[34mSELECT "menus".* FROM "menus" WHERE (menu_id = 33)[0m
  [1m[36mMenu Load (0.6ms)[0m  [1m[34mSELECT "menus".* FROM "menus" WHERE (menu_id = 35)[0m
  Rendered menus/index.html.erb within layouts/application (115.9ms)
Completed 200 OK in 471ms (Views: 452.1ms | ActiveRecord: 5.4ms)


Started GET "/dns" for 127.0.0.1 at 2017-09-13 09:51:17 +0800
Processing by DnsController#index as HTML
  Rendering dns/index.html.erb within layouts/application
  [1m[36mDn Load (0.5ms)[0m  [1m[34mSELECT "dns".* FROM "dns"[0m
  Rendered dns/index.html.erb within layouts/application (7.6ms)
Completed 200 OK in 202ms (Views: 198.2ms | ActiveRecord: 0.5ms)


